<?xml version="1.0" encoding="UTF-8"?>
<!-- Generated by org.testng.reporters.JUnitReportReporter -->
<testsuite hostname="LTIN509708" failures="0" tests="24" name="testSenario.TestCase" time="289.944" errors="0" timestamp="2024-04-03T20:19:40 IST" skipped="0">
  <testcase classname="testSenario.TestCase" name="captureUserInfo" time="35.675"/>
  <testcase classname="testSenario.TestCase" name="captureUserInfo" time="35.732"/>
  <testcase classname="testSenario.TestCase" name="clickoncompany" time="0.120"/>
  <testcase classname="testSenario.TestCase" name="clickoncompany" time="0.116"/>
  <testcase classname="testSenario.TestCase" name="clickonacronym" time="3.497"/>
  <testcase classname="testSenario.TestCase" name="clickonacronym" time="2.725"/>
  <testcase classname="testSenario.TestCase" name="title" time="0.198"/>
  <testcase classname="testSenario.TestCase" name="title" time="0.223"/>
  <testcase classname="testSenario.TestCase" name="tooltip" time="0.024"/>
  <testcase classname="testSenario.TestCase" name="tooltip" time="0.036"/>
  <testcase classname="testSenario.TestCase" name="data" time="0.029"/>
  <testcase classname="testSenario.TestCase" name="data" time="0.041"/>
  <testcase classname="testSenario.TestCase" name="alldata" time="31.834"/>
  <testcase classname="testSenario.TestCase" name="alldata" time="36.412"/>
  <testcase classname="testSenario.TestCase" name="clickonbecognizant" time="0.089"/>
  <testcase classname="testSenario.TestCase" name="clickonbecognizant" time="0.165"/>
  <testcase classname="testSenario.TestCase" name="ValidateCogniHomePage" time="0.005"/>
  <testcase classname="testSenario.TestCase" name="ValidateCogniHomePage" time="0.153"/>
  <testcase classname="testSenario.TestCase" name="scrollBottom" time="0.028"/>
  <testcase classname="testSenario.TestCase" name="scrollBottom" time="0.029"/>
  <testcase classname="testSenario.TestCase" name="getStockPrice" time="0.700"/>
  <testcase classname="testSenario.TestCase" name="getStockPrice" time="0.436"/>
  <testcase classname="testSenario.TestCase" name="ValidateStockPrice" time="76.106"/>
  <testcase classname="testSenario.TestCase" name="ValidateStockPrice" time="65.571"/>
</testsuite> <!-- testSenario.TestCase -->
