<?xml version="1.0" encoding="UTF-8"?>
<!-- Generated by org.testng.reporters.JUnitReportReporter -->
<testsuite hostname="DESKTOP-SS8UIC9" failures="0" tests="2" name="testrunner.LoginTestRunner" time="0.683" errors="0" timestamp="2024-04-05T12:50:40 IST" skipped="0">
  <testcase classname="testrunner.LoginTestRunner" name="runScenario" time="0.063"/>
  <testcase classname="testrunner.LoginTestRunner" name="runScenario" time="0.620"/>
</testsuite> <!-- testrunner.LoginTestRunner -->
